3309179	/item/2014/0217/21/DSC-0227.jpg!tall.jpg
3309178	/item/2014/0217/21/DSC-0226.jpg!tall.jpg
3309181	/item/2014/0217/21/DSC-0229.jpg!tall.jpg
3309180	/item/2014/0217/21/DSC-0228.jpg!tall.jpg
3309175	/item/2014/0217/21/DSC-0219.jpg!tall.jpg
3309167	/item/2014/0217/21/DSC-0239.jpg!tall.jpg
3309156	/item/2014/0217/21/DSC-0230.jpg!tall.jpg
3309157	/item/2014/0217/21/DSC-0231.jpg!tall.jpg
3308738	/item/2014/0215/22/DSC-0087.jpg!tall.jpg
3308737	/item/2014/0215/22/DSC-0080.jpg!tall.jpg
3308245	/item/2014/0217/21/DSC-0173.jpg!tall.jpg
3308744	/item/2014/0215/22/DSC-0062.jpg!tall.jpg
3308749	/item/2014/0215/22/DSC-0075.jpg!tall.jpg
3308741	/item/2014/0215/22/DSC-0096.jpg!tall.jpg
3308733	/item/2014/0215/22/DSC-0067.jpg!tall.jpg
3308724	/item/2014/0215/22/DSC-0081.jpg!tall.jpg
3308720	/item/2014/0215/22/DSC-0063.jpg!tall.jpg
3026264	/item/2014/0204/16/DSC-0334.jpg!tall.jpg
3026259	/item/2014/0204/16/DSC-0309.jpg!tall.jpg
3026249	/item/2014/0204/16/DSC-0322.jpg!tall.jpg
3026247	/item/2014/0204/16/DSC-0320.jpg!tall.jpg
3026230	/item/2014/0204/16/DSC-0292.jpg!tall.jpg
3026222	/item/2014/0204/16/DSC-0319.jpg!tall.jpg
3026221	/item/2014/0204/16/DSC-0312.jpg!tall.jpg
3308762	/item/2014/0215/22/DSC-0101.jpg!tall.jpg
3308758	/item/2014/0215/22/DSC-0103.jpg!tall.jpg
3308734	/item/2014/0215/22/DSC-0083.jpg!tall.jpg
3308735	/item/2014/0215/22/DSC-0097.jpg!tall.jpg
3308723	/item/2014/0215/22/DSC-0069.jpg!tall.jpg
3307738	/item/2014/0217/21/DSC-0613.jpg!tall.jpg
3307739	/item/2014/0217/21/DSC-0614.jpg!tall.jpg
3308752	/item/2014/0215/22/DSC-0094.jpg!tall.jpg
3308750	/item/2014/0215/22/DSC-0078.jpg!tall.jpg
3308244	/item/2014/0217/21/DSC-0142.jpg!tall.jpg
3306232	/item/2014/0217/10/IMG-0398.jpg!tall.jpg
3306233	/item/2014/0217/10/IMG-0399.jpg!tall.jpg
3306155	/item/2014/0217/10/IMG-0716.jpg!tall.jpg
3305967	/item/2014/0217/10/IMG-0689.jpg!tall.jpg
3306244	/item/2014/0217/10/IMG-0407.jpg!tall.jpg
3306248	/item/2014/0217/10/IMG-0408.jpg!tall.jpg
3306241	/item/2014/0217/10/IMG-0406.jpg!tall.jpg
3306257	/item/2014/0217/10/IMG-0412.jpg!tall.jpg
3306256	/item/2014/0217/10/IMG-0411.jpg!tall.jpg
3306253	/item/2014/0217/10/IMG-0409.jpg!tall.jpg
3306239	/item/2014/0217/10/IMG-0403.jpg!tall.jpg
3306240	/item/2014/0217/10/IMG-0404.jpg!tall.jpg
3114127	/item/2014/0207/22/1061.jpg!tall.jpg
3093611	/item/2014/0206/17/IMG-0070.jpg!tall.jpg
3329372	/item/2014/0218/22/DSC-0305.jpg!tall.jpg
3329373	/item/2014/0218/22/DSC-0306.jpg!tall.jpg
3329358	/item/2014/0218/22/DSC-0348.jpg!tall.jpg
3329359	/item/2014/0218/22/DSC-0370.jpg!tall.jpg
3329731	/item/2014/0218/23/DSC-0090.jpg!tall.jpg
3329732	/item/2014/0218/23/DSC-0100.jpg!tall.jpg
3329362	/item/2014/0218/22/DSC-0361.jpg!tall.jpg
3329343	/item/2014/0218/22/DSC-0362.jpg!tall.jpg
3329341	/item/2014/0218/22/DSC-0356.jpg!tall.jpg
3329342	/item/2014/0218/22/DSC-0360.jpg!tall.jpg
3329349	/item/2014/0218/22/DSC-0353.jpg!tall.jpg
3329352	/item/2014/0218/22/DSC-0366.jpg!tall.jpg
3329363	/item/2014/0218/22/DSC-0369.jpg!tall.jpg
3329368	/item/2014/0218/22/DSC-0368.jpg!tall.jpg
3329370	/item/2014/0218/22/DSC-0372.jpg!tall.jpg
3329364	/item/2014/0218/22/DSC-0349.jpg!tall.jpg
3329350	/item/2014/0218/22/DSC-0358.jpg!tall.jpg
3329336	/item/2014/0218/22/DSC-0352.jpg!tall.jpg
3329340	/item/2014/0218/22/DSC-0355.jpg!tall.jpg
3329334	/item/2014/0218/22/DSC-0373.jpg!tall.jpg
3329333	/item/2014/0218/22/DSC-0346.jpg!tall.jpg
3329320	/item/2014/0218/22/DSC-0480.jpg!tall.jpg
3329318	/item/2014/0218/22/DSC-0479.jpg!tall.jpg
3329332	/item/2014/0218/22/DSC-0483.jpg!tall.jpg
3329324	/item/2014/0218/22/DSC-0482.jpg!tall.jpg
3334694	/item/2014/0218/16/IMG-0792.jpg!tall.jpg
3334696	/item/2014/0218/16/IMG-0797.jpg!tall.jpg
3334451	/item/2014/0218/16/IMG-0874.jpg!tall.jpg
3334450	/item/2014/0218/16/IMG-0873.jpg!tall.jpg
3334449	/item/2014/0218/16/IMG-0872.jpg!tall.jpg
3334459	/item/2014/0218/16/IMG-0877.jpg!tall.jpg
3334458	/item/2014/0218/16/IMG-0876.jpg!tall.jpg
3278010	/item/2014/0213/10/IMG-0375.jpg!tall.jpg
3278011	/item/2014/0213/10/IMG-0376.jpg!tall.jpg
3278015	/item/2014/0213/10/IMG-0380.jpg!tall.jpg
3334457	/item/2014/0218/16/IMG-0869.jpg!tall.jpg
3334454	/item/2014/0218/16/IMG-0868.jpg!tall.jpg
3270524	/item/2014/0214/20/IMG-0055.jpg!tall.jpg
3309218	/item/2014/0217/21/DSC-0358.jpg!tall.jpg
3208413	/item/2014/0212/10/IMG-0208.jpg!tall.jpg
3208414	/item/2014/0212/10/IMG-0209.jpg!tall.jpg
3310278	/item/2014/0218/22/DSC-0181.jpg!tall.jpg
3309647	/item/2014/0218/22/DSC-0021.jpg!tall.jpg
3306156	/item/2014/0217/10/IMG-0717.jpg!tall.jpg
3309648	/item/2014/0218/22/DSC-0022.jpg!tall.jpg
3309649	/item/2014/0218/22/DSC-0023.jpg!tall.jpg
3309645	/item/2014/0218/22/DSC-0032.jpg!tall.jpg
3309646	/item/2014/0218/22/DSC-0033.jpg!tall.jpg
3309644	/item/2014/0218/22/DSC-0031.jpg!tall.jpg
3309636	/item/2014/0218/22/DSC-0016.jpg!tall.jpg
3309635	/item/2014/0218/22/DSC-0015.jpg!tall.jpg
3309634	/item/2014/0218/22/DSC-0014.jpg!tall.jpg
3309640	/item/2014/0218/22/DSC-0024.jpg!tall.jpg
3309642	/item/2014/0218/22/DSC-0029.jpg!tall.jpg
3309643	/item/2014/0218/22/DSC-0030.jpg!tall.jpg
2904651	/item/2014/0118/22/DSC-0471.jpg!tall.jpg
2836679	/item/2014/0113/23/DSC-0603.jpg!tall.jpg
2836680	/item/2014/0113/23/DSC-0604.jpg!tall.jpg
2836669	/item/2014/0113/23/DSC-0602.jpg!tall.jpg
3309641	/item/2014/0218/22/DSC-0025.jpg!tall.jpg
3309632	/item/2014/0218/22/DSC-0019.jpg!tall.jpg
3096874	/item/2014/0207/10/IMG-1076.jpg!tall.jpg
2912244	/item/2014/0121/21/IMG-0010.jpg!tall.jpg
2588382	/item/2013/1224/10/IMG-0102.jpg!tall.jpg
