2977750	/item/2014/0205/20/IMG-0446.jpg!tall.jpg
3120298	/item/2014/0207/23/DSC-0804.jpg!tall.jpg
3118635	/item/2014/0207/23/DSC-0506.jpg!tall.jpg
3118635	/item/2014/0207/23/DSC-0506.jpg!tall.jpg
3053084	/item/2014/0205/16/DSC-0495.jpg!tall.jpg
3253138	/item/2014/0213/22/333.jpg!tall.jpg
3280860	/item/2014/0215/22/DSC-0291.jpg!tall.jpg
3280873	/item/2014/0215/22/DSC-0266.jpg!tall.jpg
3052298	/item/2014/0205/16/DSC-1082.jpg!tall.jpg
3052274	/item/2014/0205/16/DSC-1075.jpg!tall.jpg
3280897	/item/2014/0215/22/DSC-0288.jpg!tall.jpg
3280888	/item/2014/0215/22/DSC-0298.jpg!tall.jpg
3280815	/item/2014/0215/22/DSC-0351.jpg!tall.jpg
3017315	/item/2014/0204/16/DSC-0471.jpg!tall.jpg
3173922	/item/2014/0211/21/IMG-0299.jpg!tall.jpg
3045278	/item/2014/0206/22/DSC-0644.jpg!tall.jpg
3026511	/item/2014/0204/16/DSC-0998.jpg!tall.jpg
3280918	/item/2014/0215/22/DSC-0157.jpg!tall.jpg
3078856	/item/2014/0206/22/DSC-0243.jpg!tall.jpg
3078850	/item/2014/0206/22/DSC-0216.jpg!tall.jpg
3280830	/item/2014/0215/22/DSC-0339.jpg!tall.jpg
3055540	/item/2014/0205/16/DSC-0328.jpg!tall.jpg
