3055568	/item/2014/0205/16/DSC-0324.jpg!tall.jpg
3055526	/item/2014/0205/16/DSC-0324.jpg!tall.jpg
3352526	/item/2014/0218/16/IMG-0777.jpg!tall.jpg
3352528	/item/2014/0218/16/IMG-0779.jpg!tall.jpg
3352526	/item/2014/0218/16/IMG-0777.jpg!tall.jpg
3352527	/item/2014/0218/16/IMG-0778.jpg!tall.jpg
3357496	/item/2014/0218/21/IMG-0047.jpg!tall.jpg
3357497	/item/2014/0218/21/IMG-0048.jpg!tall.jpg
3357500	/item/2014/0218/21/IMG-0041.jpg!tall.jpg
3258214	/item/2014/0214/21/IMG-0264.jpg!tall.jpg
3036977	/item/2014/0206/20/IMG-0423.jpg!tall.jpg
3351739	/item/2014/0218/16/IMG-0199.jpg!tall.jpg
3116065	/item/2014/0208/22/DSC-1189.jpg!tall.jpg
3351647	/item/2014/0218/23/DSC-0352.jpg!tall.jpg
3334438	/item/2014/0218/16/IMG-0042.jpg!tall.jpg
3027805	/item/2014/0206/10/IMG-0106.jpg!tall.jpg
3310256	/item/2014/0218/22/DSC-0283.jpg!tall.jpg
3310257	/item/2014/0218/22/DSC-0289.jpg!tall.jpg
3088245	/item/2014/0206/10/IMG-1538.jpg!tall.jpg
3052571	/item/2014/0204/23/IMG-0598.jpg!tall.jpg
3052572	/item/2014/0204/23/IMG-0600.jpg!tall.jpg
3052569	/item/2014/0204/23/IMG-0595.jpg!tall.jpg
3052565	/item/2014/0204/23/IMG-0578.jpg!tall.jpg
3052572	/item/2014/0204/23/IMG-0600.jpg!tall.jpg
3052573	/item/2014/0204/23/IMG-0602.jpg!tall.jpg
