3036551	/item/2014/0206/20/IMG-0458.jpg!tall.jpg
3192792	/item/2014/0211/22/DSC-1169.jpg!tall.jpg
2769028	/item/2014/0108/23/DSC-0707.jpg!tall.jpg
3289703	/item/2014/0211/20/IMG-0337.jpg!tall.jpg
3208456	/item/2014/0212/21/DSC-0880.jpg!tall.jpg
2901777	/item/2014/0117/21/IMG-0195.jpg!tall.jpg
2849947	/item/2014/0114/21/IMG-0160.jpg!tall.jpg
3276422	/item/2014/0213/10/IMG-0481.jpg!tall.jpg
3118631	/item/2014/0207/23/DSC-0513.jpg!tall.jpg
2948575	/item/2014/0127/10/DSC-0128.jpg!tall.jpg
3209774	/item/2014/0212/23/IMG-0221.jpg!tall.jpg
3027714	/item/2014/0205/22/IMG-0187.jpg!tall.jpg
3277591	/item/2014/0215/10/IMG-0065.jpg!tall.jpg
3277586	/item/2014/0215/10/IMG-0056.jpg!tall.jpg
3277608	/item/2014/0215/10/IMG-0076.jpg!tall.jpg
3277620	/item/2014/0215/10/IMG-0080.jpg!tall.jpg
3277616	/item/2014/0215/10/IMG-0071.jpg!tall.jpg
3277617	/item/2014/0215/10/IMG-0072.jpg!tall.jpg
3277606	/item/2014/0215/10/IMG-0075.jpg!tall.jpg
3277602	/item/2014/0215/10/IMG-0073.jpg!tall.jpg
3277605	/item/2014/0215/10/IMG-0074.jpg!tall.jpg
3277595	/item/2014/0215/10/IMG-0066.jpg!tall.jpg
3277585	/item/2014/0215/10/IMG-0060.jpg!tall.jpg
3118049	/item/2014/0207/23/DSC-1152.jpg!tall.jpg
