3209777	/item/2014/0212/23/IMG-0208.jpg!tall.jpg
3210996	/item/2014/0213/21/IMG-0097.jpg!tall.jpg
3201963	/item/2014/0212/22/IMG-0017.jpg!tall.jpg
2935324	/item/2014/0124/10/DSC-0080.jpg!tall.jpg
2935304	/item/2014/0124/10/DSC-0067.jpg!tall.jpg
2861663	/item/2014/0115/22/DSC-0175.jpg!tall.jpg
2904390	/item/2014/0118/22/DSC-0458.jpg!tall.jpg
2904389	/item/2014/0118/22/DSC-0458.jpg!tall.jpg
2935331	/item/2014/0124/10/DSC-0092.jpg!tall.jpg
2935308	/item/2014/0124/10/DSC-0094.jpg!tall.jpg
2935340	/item/2014/0124/10/DSC-0072.jpg!tall.jpg
2935329	/item/2014/0124/10/DSC-0081.jpg!tall.jpg
2935330	/item/2014/0124/10/DSC-0088.jpg!tall.jpg
2935336	/item/2014/0124/10/DSC-0064.jpg!tall.jpg
3193843	/item/2014/0211/20/IMG-0748.jpg!tall.jpg
3211003	/item/2014/0213/21/IMG-0103.jpg!tall.jpg
3114324	/item/2014/0207/23/DSC-1040.jpg!tall.jpg
3116831	/item/2014/0207/22/187.jpg!tall.jpg
3256651	/item/2014/0214/10/333.jpg!tall.jpg
3205884	/item/2014/0212/22/IMG-0040.jpg!tall.jpg
2992656	/item/2014/0205/20/IMG-0027.jpg!tall.jpg
2992644	/item/2014/0205/20/IMG-0016.jpg!tall.jpg
2992620	/item/2014/0205/20/IMG-0040.jpg!tall.jpg
2992615	/item/2014/0205/20/IMG-0035.jpg!tall.jpg
3053373	/item/2014/0205/16/DSC-0278.jpg!tall.jpg
2973344	/item/2014/0204/10/IMG-0430.jpg!tall.jpg
2999820	/item/2014/0204/16/DSC-0031.jpg!tall.jpg
2999812	/item/2014/0204/16/DSC-0029.jpg!tall.jpg
2999814	/item/2014/0204/16/DSC-0027.jpg!tall.jpg
3256239	/item/2014/0214/22/DSC-0417.jpg!tall.jpg
3258985	/item/2014/0214/10/406.jpg!tall.jpg
3257199	/item/2014/0213/23/DSC-0109.jpg!tall.jpg
3259290	/item/2014/0214/23/IMG-0143.jpg!tall.jpg
2973356	/item/2014/0204/10/IMG-0522.jpg!tall.jpg
3202490	/item/2014/0212/20/959.jpg!tall.jpg
3202490	/item/2014/0212/20/959.jpg!tall.jpg
3253645	/item/2014/0213/23/DSC-0517.jpg!tall.jpg
3253637	/item/2014/0213/23/DSC-0526.jpg!tall.jpg
3208683	/item/2014/0212/21/DSC-0330.jpg!tall.jpg
3259214	/item/2014/0214/23/IMG-0177.jpg!tall.jpg
3259219	/item/2014/0214/23/IMG-0180.jpg!tall.jpg
3052569	/item/2014/0204/23/IMG-0595.jpg!tall.jpg
3121355	/item/2014/0207/23/DSC-0544.jpg!tall.jpg
3193205	/item/2014/0212/10/IMG-0803.jpg!tall.jpg
3165774	/item/2014/0208/16/753.jpg!tall.jpg
3055556	/item/2014/0205/16/DSC-0331.jpg!tall.jpg
2977750	/item/2014/0205/20/IMG-0446.jpg!tall.jpg
